The system is: Darwin - 18.6.0 - x86_64
Compiling the C compiler identification source file "CMakeCCompilerId.c" succeeded.
Compiler: /usr/bin/gcc 
Build flags: 
Id flags:  

The output was:
0


Compilation of the C compiler identification source "CMakeCCompilerId.c" produced "a.out"

The C compiler identification is AppleClang, found in "/Users/vanessa/Dropbox/Documents/Disciplinas/ED/Aulas/14-Heap/heap/cmake-build-debug/CMakeFiles/3.12.2/CompilerIdC/a.out"

Determining if the C compiler works passed with the following output:
Change Dir: /Users/vanessa/Dropbox/Documents/Disciplinas/ED/Aulas/14-Heap/heap/cmake-build-debug/CMakeFiles/CMakeTmp

Run Build Command:"/usr/bin/make" "cmTC_d86db/fast"
/Applications/Xcode.app/Contents/Developer/usr/bin/make -f CMakeFiles/cmTC_d86db.dir/build.make CMakeFiles/cmTC_d86db.dir/build
Building C object CMakeFiles/cmTC_d86db.dir/testCCompiler.c.o
/usr/bin/gcc   -isysroot /Applications/Xcode.app/Contents/Developer/Platforms/MacOSX.platform/Developer/SDKs/MacOSX10.13.sdk   -o CMakeFiles/cmTC_d86db.dir/testCCompiler.c.o   -c /Users/vanessa/Dropbox/Documents/Disciplinas/ED/Aulas/14-Heap/heap/cmake-build-debug/CMakeFiles/CMakeTmp/testCCompiler.c
Linking C executable cmTC_d86db
/Applications/CLion.app/Contents/bin/cmake/mac/bin/cmake -E cmake_link_script CMakeFiles/cmTC_d86db.dir/link.txt --verbose=1
/usr/bin/gcc   -isysroot /Applications/Xcode.app/Contents/Developer/Platforms/MacOSX.platform/Developer/SDKs/MacOSX10.13.sdk -Wl,-search_paths_first -Wl,-headerpad_max_install_names   CMakeFiles/cmTC_d86db.dir/testCCompiler.c.o  -o cmTC_d86db 


Detecting C compiler ABI info compiled with the following output:
Change Dir: /Users/vanessa/Dropbox/Documents/Disciplinas/ED/Aulas/14-Heap/heap/cmake-build-debug/CMakeFiles/CMakeTmp

Run Build Command:"/usr/bin/make" "cmTC_c30cd/fast"
/Applications/Xcode.app/Contents/Developer/usr/bin/make -f CMakeFiles/cmTC_c30cd.dir/build.make CMakeFiles/cmTC_c30cd.dir/build
Building C object CMakeFiles/cmTC_c30cd.dir/CMakeCCompilerABI.c.o
/usr/bin/gcc   -isysroot /Applications/Xcode.app/Contents/Developer/Platforms/MacOSX.platform/Developer/SDKs/MacOSX10.13.sdk   -o CMakeFiles/cmTC_c30cd.dir/CMakeCCompilerABI.c.o   -c /Applications/CLion.app/Contents/bin/cmake/mac/share/cmake-3.12/Modules/CMakeCCompilerABI.c
Linking C executable cmTC_c30cd
/Applications/CLion.app/Contents/bin/cmake/mac/bin/cmake -E cmake_link_script CMakeFiles/cmTC_c30cd.dir/link.txt --verbose=1
/usr/bin/gcc   -isysroot /Applications/Xcode.app/Contents/Developer/Platforms/MacOSX.platform/Developer/SDKs/MacOSX10.13.sdk -Wl,-search_paths_first -Wl,-headerpad_max_install_names  -v -Wl,-v CMakeFiles/cmTC_c30cd.dir/CMakeCCompilerABI.c.o  -o cmTC_c30cd 
Apple LLVM version 9.1.0 (clang-902.0.39.1)
Target: x86_64-apple-darwin18.6.0
Thread model: posix
InstalledDir: /Applications/Xcode.app/Contents/Developer/Toolchains/XcodeDefault.xctoolchain/usr/bin
 "/Applications/Xcode.app/Contents/Developer/Toolchains/XcodeDefault.xctoolchain/usr/bin/ld" -demangle -lto_library /Applications/Xcode.app/Contents/Developer/Toolchains/XcodeDefault.xctoolchain/usr/lib/libLTO.dylib -dynamic -arch x86_64 -macosx_version_min 10.13.0 -syslibroot /Applications/Xcode.app/Contents/Developer/Platforms/MacOSX.platform/Developer/SDKs/MacOSX10.13.sdk -o cmTC_c30cd -search_paths_first -headerpad_max_install_names -v CMakeFiles/cmTC_c30cd.dir/CMakeCCompilerABI.c.o -lSystem /Applications/Xcode.app/Contents/Developer/Toolchains/XcodeDefault.xctoolchain/usr/lib/clang/9.1.0/lib/darwin/libclang_rt.osx.a
@(#)PROGRAM:ld  PROJECT:ld64-351.8
configured to support archs: armv6 armv7 armv7s arm64 i386 x86_64 x86_64h armv6m armv7k armv7m armv7em (tvOS)
Library search paths:
	/Applications/Xcode.app/Contents/Developer/Platforms/MacOSX.platform/Developer/SDKs/MacOSX10.13.sdk/usr/lib
Framework search paths:
	/Applications/Xcode.app/Contents/Developer/Platforms/MacOSX.platform/Developer/SDKs/MacOSX10.13.sdk/System/Library/Frameworks/


Parsed C implicit link information from above output:
  link line regex: [^( *|.*[/\])(ld|CMAKE_LINK_STARTFILE-NOTFOUND|([^/\]+-)?ld|collect2)[^/\]*( |$)]
  ignore line: [Change Dir: /Users/vanessa/Dropbox/Documents/Disciplinas/ED/Aulas/14-Heap/heap/cmake-build-debug/CMakeFiles/CMakeTmp]
  ignore line: []
  ignore line: [Run Build Command:"/usr/bin/make" "cmTC_c30cd/fast"]
  ignore line: [/Applications/Xcode.app/Contents/Developer/usr/bin/make -f CMakeFiles/cmTC_c30cd.dir/build.make CMakeFiles/cmTC_c30cd.dir/build]
  ignore line: [Building C object CMakeFiles/cmTC_c30cd.dir/CMakeCCompilerABI.c.o]
  ignore line: [/usr/bin/gcc   -isysroot /Applications/Xcode.app/Contents/Developer/Platforms/MacOSX.platform/Developer/SDKs/MacOSX10.13.sdk   -o CMakeFiles/cmTC_c30cd.dir/CMakeCCompilerABI.c.o   -c /Applications/CLion.app/Contents/bin/cmake/mac/share/cmake-3.12/Modules/CMakeCCompilerABI.c]
  ignore line: [Linking C executable cmTC_c30cd]
  ignore line: [/Applications/CLion.app/Contents/bin/cmake/mac/bin/cmake -E cmake_link_script CMakeFiles/cmTC_c30cd.dir/link.txt --verbose=1]
  ignore line: [/usr/bin/gcc   -isysroot /Applications/Xcode.app/Contents/Developer/Platforms/MacOSX.platform/Developer/SDKs/MacOSX10.13.sdk -Wl,-search_paths_first -Wl,-headerpad_max_install_names  -v -Wl,-v CMakeFiles/cmTC_c30cd.dir/CMakeCCompilerABI.c.o  -o cmTC_c30cd ]
  ignore line: [Apple LLVM version 9.1.0 (clang-902.0.39.1)]
  ignore line: [Target: x86_64-apple-darwin18.6.0]
  ignore line: [Thread model: posix]
  ignore line: [InstalledDir: /Applications/Xcode.app/Contents/Developer/Toolchains/XcodeDefault.xctoolchain/usr/bin]
  link line: [ "/Applications/Xcode.app/Contents/Developer/Toolchains/XcodeDefault.xctoolchain/usr/bin/ld" -demangle -lto_library /Applications/Xcode.app/Contents/Developer/Toolchains/XcodeDefault.xctoolchain/usr/lib/libLTO.dylib -dynamic -arch x86_64 -macosx_version_min 10.13.0 -syslibroot /Applications/Xcode.app/Contents/Developer/Platforms/MacOSX.platform/Developer/SDKs/MacOSX10.13.sdk -o cmTC_c30cd -search_paths_first -headerpad_max_install_names -v CMakeFiles/cmTC_c30cd.dir/CMakeCCompilerABI.c.o -lSystem /Applications/Xcode.app/Contents/Developer/Toolchains/XcodeDefault.xctoolchain/usr/lib/clang/9.1.0/lib/darwin/libclang_rt.osx.a]
    arg [/Applications/Xcode.app/Contents/Developer/Toolchains/XcodeDefault.xctoolchain/usr/bin/ld] ==> ignore
    arg [-demangle] ==> ignore
    arg [-lto_library] ==> ignore, skip following value
    arg [/Applications/Xcode.app/Contents/Developer/Toolchains/XcodeDefault.xctoolchain/usr/lib/libLTO.dylib] ==> skip value of -lto_library
    arg [-dynamic] ==> ignore
    arg [-arch] ==> ignore
    arg [x86_64] ==> ignore
    arg [-macosx_version_min] ==> ignore
    arg [10.13.0] ==> ignore
    arg [-syslibroot] ==> ignore
    arg [/Applications/Xcode.app/Contents/Developer/Platforms/MacOSX.platform/Developer/SDKs/MacOSX10.13.sdk] ==> ignore
    arg [-o] ==> ignore
    arg [cmTC_c30cd] ==> ignore
    arg [-search_paths_first] ==> ignore
    arg [-headerpad_max_install_names] ==> ignore
    arg [-v] ==> ignore
    arg [CMakeFiles/cmTC_c30cd.dir/CMakeCCompilerABI.c.o] ==> ignore
    arg [-lSystem] ==> lib [System]
    arg [/Applications/Xcode.app/Contents/Developer/Toolchains/XcodeDefault.xctoolchain/usr/lib/clang/9.1.0/lib/darwin/libclang_rt.osx.a] ==> lib [/Applications/Xcode.app/Contents/Developer/Toolchains/XcodeDefault.xctoolchain/usr/lib/clang/9.1.0/lib/darwin/libclang_rt.osx.a]
  Library search paths: [;/Applications/Xcode.app/Contents/Developer/Platforms/MacOSX.platform/Developer/SDKs/MacOSX10.13.sdk/usr/lib]
  Framework search paths: [;/Applications/Xcode.app/Contents/Developer/Platforms/MacOSX.platform/Developer/SDKs/MacOSX10.13.sdk/System/Library/Frameworks/]
  remove lib [System]
  remove lib [/Applications/Xcode.app/Contents/Developer/Toolchains/XcodeDefault.xctoolchain/usr/lib/clang/9.1.0/lib/darwin/libclang_rt.osx.a]
  collapse library dir [/Applications/Xcode.app/Contents/Developer/Platforms/MacOSX.platform/Developer/SDKs/MacOSX10.13.sdk/usr/lib] ==> [/Applications/Xcode.app/Contents/Developer/Platforms/MacOSX.platform/Developer/SDKs/MacOSX10.13.sdk/usr/lib]
  collapse framework dir [/Applications/Xcode.app/Contents/Developer/Platforms/MacOSX.platform/Developer/SDKs/MacOSX10.13.sdk/System/Library/Frameworks/] ==> [/Applications/Xcode.app/Contents/Developer/Platforms/MacOSX.platform/Developer/SDKs/MacOSX10.13.sdk/System/Library/Frameworks]
  implicit libs: []
  implicit dirs: [/Applications/Xcode.app/Contents/Developer/Platforms/MacOSX.platform/Developer/SDKs/MacOSX10.13.sdk/usr/lib]
  implicit fwks: [/Applications/Xcode.app/Contents/Developer/Platforms/MacOSX.platform/Developer/SDKs/MacOSX10.13.sdk/System/Library/Frameworks]




Detecting C [-std=c11] compiler features compiled with the following output:
Change Dir: /Users/vanessa/Dropbox/Documents/Disciplinas/ED/Aulas/14-Heap/heap/cmake-build-debug/CMakeFiles/CMakeTmp

Run Build Command:"/usr/bin/make" "cmTC_8e372/fast"
/Applications/Xcode.app/Contents/Developer/usr/bin/make -f CMakeFiles/cmTC_8e372.dir/build.make CMakeFiles/cmTC_8e372.dir/build
Building C object CMakeFiles/cmTC_8e372.dir/feature_tests.c.o
/usr/bin/gcc   -isysroot /Applications/Xcode.app/Contents/Developer/Platforms/MacOSX.platform/Developer/SDKs/MacOSX10.13.sdk   -std=c11 -o CMakeFiles/cmTC_8e372.dir/feature_tests.c.o   -c /Users/vanessa/Dropbox/Documents/Disciplinas/ED/Aulas/14-Heap/heap/cmake-build-debug/CMakeFiles/feature_tests.c
Linking C executable cmTC_8e372
/Applications/CLion.app/Contents/bin/cmake/mac/bin/cmake -E cmake_link_script CMakeFiles/cmTC_8e372.dir/link.txt --verbose=1
/usr/bin/gcc   -isysroot /Applications/Xcode.app/Contents/Developer/Platforms/MacOSX.platform/Developer/SDKs/MacOSX10.13.sdk -Wl,-search_paths_first -Wl,-headerpad_max_install_names   CMakeFiles/cmTC_8e372.dir/feature_tests.c.o  -o cmTC_8e372 


    Feature record: C_FEATURE:1c_function_prototypes
    Feature record: C_FEATURE:1c_restrict
    Feature record: C_FEATURE:1c_static_assert
    Feature record: C_FEATURE:1c_variadic_macros


Detecting C [-std=c99] compiler features compiled with the following output:
Change Dir: /Users/vanessa/Dropbox/Documents/Disciplinas/ED/Aulas/14-Heap/heap/cmake-build-debug/CMakeFiles/CMakeTmp

Run Build Command:"/usr/bin/make" "cmTC_7583c/fast"
/Applications/Xcode.app/Contents/Developer/usr/bin/make -f CMakeFiles/cmTC_7583c.dir/build.make CMakeFiles/cmTC_7583c.dir/build
Building C object CMakeFiles/cmTC_7583c.dir/feature_tests.c.o
/usr/bin/gcc   -isysroot /Applications/Xcode.app/Contents/Developer/Platforms/MacOSX.platform/Developer/SDKs/MacOSX10.13.sdk   -std=c99 -o CMakeFiles/cmTC_7583c.dir/feature_tests.c.o   -c /Users/vanessa/Dropbox/Documents/Disciplinas/ED/Aulas/14-Heap/heap/cmake-build-debug/CMakeFiles/feature_tests.c
Linking C executable cmTC_7583c
/Applications/CLion.app/Contents/bin/cmake/mac/bin/cmake -E cmake_link_script CMakeFiles/cmTC_7583c.dir/link.txt --verbose=1
/usr/bin/gcc   -isysroot /Applications/Xcode.app/Contents/Developer/Platforms/MacOSX.platform/Developer/SDKs/MacOSX10.13.sdk -Wl,-search_paths_first -Wl,-headerpad_max_install_names   CMakeFiles/cmTC_7583c.dir/feature_tests.c.o  -o cmTC_7583c 


    Feature record: C_FEATURE:1c_function_prototypes
    Feature record: C_FEATURE:1c_restrict
    Feature record: C_FEATURE:0c_static_assert
    Feature record: C_FEATURE:1c_variadic_macros


Detecting C [-std=c90] compiler features compiled with the following output:
Change Dir: /Users/vanessa/Dropbox/Documents/Disciplinas/ED/Aulas/14-Heap/heap/cmake-build-debug/CMakeFiles/CMakeTmp

Run Build Command:"/usr/bin/make" "cmTC_4ed1f/fast"
/Applications/Xcode.app/Contents/Developer/usr/bin/make -f CMakeFiles/cmTC_4ed1f.dir/build.make CMakeFiles/cmTC_4ed1f.dir/build
Building C object CMakeFiles/cmTC_4ed1f.dir/feature_tests.c.o
/usr/bin/gcc   -isysroot /Applications/Xcode.app/Contents/Developer/Platforms/MacOSX.platform/Developer/SDKs/MacOSX10.13.sdk   -std=c90 -o CMakeFiles/cmTC_4ed1f.dir/feature_tests.c.o   -c /Users/vanessa/Dropbox/Documents/Disciplinas/ED/Aulas/14-Heap/heap/cmake-build-debug/CMakeFiles/feature_tests.c
Linking C executable cmTC_4ed1f
/Applications/CLion.app/Contents/bin/cmake/mac/bin/cmake -E cmake_link_script CMakeFiles/cmTC_4ed1f.dir/link.txt --verbose=1
/usr/bin/gcc   -isysroot /Applications/Xcode.app/Contents/Developer/Platforms/MacOSX.platform/Developer/SDKs/MacOSX10.13.sdk -Wl,-search_paths_first -Wl,-headerpad_max_install_names   CMakeFiles/cmTC_4ed1f.dir/feature_tests.c.o  -o cmTC_4ed1f 


    Feature record: C_FEATURE:1c_function_prototypes
    Feature record: C_FEATURE:0c_restrict
    Feature record: C_FEATURE:0c_static_assert
    Feature record: C_FEATURE:0c_variadic_macros
